\BOOKMARK [0][-]{chapter.1}{\376\377\0001\000\040\000N\000a\000m\000e\000s\000p\000a\000c\000e\000\040\000I\000n\000d\000e\000x}{}% 1
\BOOKMARK [1][-]{section.1.1}{\376\377\0001\000.\0001\000\040\000N\000a\000m\000e\000s\000p\000a\000c\000e\000\040\000L\000i\000s\000t}{chapter.1}% 2
\BOOKMARK [0][-]{chapter.2}{\376\377\0002\000\040\000C\000l\000a\000s\000s\000\040\000I\000n\000d\000e\000x}{}% 3
\BOOKMARK [1][-]{section.2.1}{\376\377\0002\000.\0001\000\040\000C\000l\000a\000s\000s\000\040\000L\000i\000s\000t}{chapter.2}% 4
\BOOKMARK [0][-]{chapter.3}{\376\377\0003\000\040\000F\000i\000l\000e\000\040\000I\000n\000d\000e\000x}{}% 5
\BOOKMARK [1][-]{section.3.1}{\376\377\0003\000.\0001\000\040\000F\000i\000l\000e\000\040\000L\000i\000s\000t}{chapter.3}% 6
\BOOKMARK [0][-]{chapter.4}{\376\377\0004\000\040\000N\000a\000m\000e\000s\000p\000a\000c\000e\000\040\000D\000o\000c\000u\000m\000e\000n\000t\000a\000t\000i\000o\000n}{}% 7
\BOOKMARK [1][-]{section.4.1}{\376\377\0004\000.\0001\000\040\000R\000P\000N\000\040\000N\000a\000m\000e\000s\000p\000a\000c\000e\000\040\000R\000e\000f\000e\000r\000e\000n\000c\000e}{chapter.4}% 8
\BOOKMARK [2][-]{subsection.4.1.1}{\376\377\0004\000.\0001\000.\0001\000\040\000F\000u\000n\000c\000t\000i\000o\000n\000\040\000D\000o\000c\000u\000m\000e\000n\000t\000a\000t\000i\000o\000n}{section.4.1}% 9
\BOOKMARK [3][-]{subsubsection.4.1.1.1}{\376\377\0004\000.\0001\000.\0001\000.\0001\000\040\000c\000a\000l\000c\000u\000l\000a\000t\000e\000\050\000\051\000\040\000[\0001\000/\0002\000]}{subsection.4.1.1}% 10
\BOOKMARK [3][-]{subsubsection.4.1.1.2}{\376\377\0004\000.\0001\000.\0001\000.\0002\000\040\000c\000a\000l\000c\000u\000l\000a\000t\000e\000\050\000\051\000\040\000[\0002\000/\0002\000]}{subsection.4.1.1}% 11
\BOOKMARK [3][-]{subsubsection.4.1.1.3}{\376\377\0004\000.\0001\000.\0001\000.\0003\000\040\000h\000a\000n\000d\000l\000e\000C\000b\000r\000t\000\050\000\051}{subsection.4.1.1}% 12
\BOOKMARK [3][-]{subsubsection.4.1.1.4}{\376\377\0004\000.\0001\000.\0001\000.\0004\000\040\000h\000a\000n\000d\000l\000e\000D\000i\000v\000i\000s\000i\000o\000n\000\050\000\051}{subsection.4.1.1}% 13
\BOOKMARK [3][-]{subsubsection.4.1.1.5}{\376\377\0004\000.\0001\000.\0001\000.\0005\000\040\000h\000a\000n\000d\000l\000e\000S\000q\000r\000t\000\050\000\051}{subsection.4.1.1}% 14
\BOOKMARK [3][-]{subsubsection.4.1.1.6}{\376\377\0004\000.\0001\000.\0001\000.\0006\000\040\000i\000s\0001\000A\000r\000g\000O\000p\000e\000r\000a\000t\000o\000r\000\050\000\051}{subsection.4.1.1}% 15
\BOOKMARK [3][-]{subsubsection.4.1.1.7}{\376\377\0004\000.\0001\000.\0001\000.\0007\000\040\000i\000s\0002\000A\000r\000g\000O\000p\000e\000r\000a\000t\000o\000r\000\050\000\051}{subsection.4.1.1}% 16
\BOOKMARK [3][-]{subsubsection.4.1.1.8}{\376\377\0004\000.\0001\000.\0001\000.\0008\000\040\000i\000s\000O\000p\000e\000r\000a\000t\000o\000r\000\050\000\051}{subsection.4.1.1}% 17
\BOOKMARK [3][-]{subsubsection.4.1.1.9}{\376\377\0004\000.\0001\000.\0001\000.\0009\000\040\000s\000u\000m\000L\000e\000t\000t\000e\000r\000s\000\050\000\051}{subsection.4.1.1}% 18
\BOOKMARK [2][-]{subsection.4.1.2}{\376\377\0004\000.\0001\000.\0002\000\040\000V\000a\000r\000i\000a\000b\000l\000e\000\040\000D\000o\000c\000u\000m\000e\000n\000t\000a\000t\000i\000o\000n}{section.4.1}% 19
\BOOKMARK [3][-]{subsubsection.4.1.2.1}{\376\377\0004\000.\0001\000.\0002\000.\0001\000\040\000A\000D\000D\000\137\000S\000U\000B\000\137\000P\000R\000E\000C}{subsection.4.1.2}% 20
\BOOKMARK [3][-]{subsubsection.4.1.2.2}{\376\377\0004\000.\0001\000.\0002\000.\0002\000\040\000E\000X\000P\000\137\000P\000R\000E\000C}{subsection.4.1.2}% 21
\BOOKMARK [3][-]{subsubsection.4.1.2.3}{\376\377\0004\000.\0001\000.\0002\000.\0003\000\040\000M\000U\000L\000T\000\137\000D\000I\000V\000\137\000P\000R\000E\000C}{subsection.4.1.2}% 22
\BOOKMARK [3][-]{subsubsection.4.1.2.4}{\376\377\0004\000.\0001\000.\0002\000.\0004\000\040\000o\000n\000e\000\137\000a\000r\000g\000\137\000o\000p\000e\000r\000a\000t\000o\000r\000s}{subsection.4.1.2}% 23
\BOOKMARK [3][-]{subsubsection.4.1.2.5}{\376\377\0004\000.\0001\000.\0002\000.\0005\000\040\000o\000p\000e\000r\000a\000t\000o\000r\000P\000r\000e\000c\000e\000d\000e\000n\000c\000e}{subsection.4.1.2}% 24
\BOOKMARK [3][-]{subsubsection.4.1.2.6}{\376\377\0004\000.\0001\000.\0002\000.\0006\000\040\000T\000R\000I\000G\000\137\000F\000U\000N\000\137\000P\000R\000E\000C}{subsection.4.1.2}% 25
\BOOKMARK [3][-]{subsubsection.4.1.2.7}{\376\377\0004\000.\0001\000.\0002\000.\0007\000\040\000t\000w\000o\000\137\000a\000r\000g\000\137\000o\000p\000e\000r\000a\000t\000o\000r\000s}{subsection.4.1.2}% 26
\BOOKMARK [0][-]{chapter.5}{\376\377\0005\000\040\000C\000l\000a\000s\000s\000\040\000D\000o\000c\000u\000m\000e\000n\000t\000a\000t\000i\000o\000n}{}% 27
\BOOKMARK [1][-]{section.5.1}{\376\377\0005\000.\0001\000\040\000R\000P\000N\000:\000:\000E\000q\000u\000a\000t\000i\000o\000n\000V\000a\000l\000i\000d\000a\000t\000o\000r\000\040\000S\000t\000r\000u\000c\000t\000\040\000R\000e\000f\000e\000r\000e\000n\000c\000e}{chapter.5}% 28
\BOOKMARK [2][-]{subsection.5.1.1}{\376\377\0005\000.\0001\000.\0001\000\040\000D\000e\000t\000a\000i\000l\000e\000d\000\040\000D\000e\000s\000c\000r\000i\000p\000t\000i\000o\000n}{section.5.1}% 29
\BOOKMARK [2][-]{subsection.5.1.2}{\376\377\0005\000.\0001\000.\0002\000\040\000M\000e\000m\000b\000e\000r\000\040\000F\000u\000n\000c\000t\000i\000o\000n\000\040\000D\000o\000c\000u\000m\000e\000n\000t\000a\000t\000i\000o\000n}{section.5.1}% 30
\BOOKMARK [3][-]{subsubsection.5.1.2.1}{\376\377\0005\000.\0001\000.\0002\000.\0001\000\040\000i\000s\000V\000a\000l\000i\000d\000I\000n\000f\000i\000x\000\050\000\051}{subsection.5.1.2}% 31
\BOOKMARK [3][-]{subsubsection.5.1.2.2}{\376\377\0005\000.\0001\000.\0002\000.\0002\000\040\000i\000s\000V\000a\000l\000i\000d\000R\000P\000N\000\050\000\051}{subsection.5.1.2}% 32
\BOOKMARK [1][-]{section.5.2}{\376\377\0005\000.\0002\000\040\000R\000P\000N\000:\000:\000N\000o\000t\000a\000t\000i\000o\000n\000C\000o\000n\000v\000e\000r\000t\000e\000r\000\040\000S\000t\000r\000u\000c\000t\000\040\000R\000e\000f\000e\000r\000e\000n\000c\000e}{chapter.5}% 33
\BOOKMARK [2][-]{subsection.5.2.1}{\376\377\0005\000.\0002\000.\0001\000\040\000D\000e\000t\000a\000i\000l\000e\000d\000\040\000D\000e\000s\000c\000r\000i\000p\000t\000i\000o\000n}{section.5.2}% 34
\BOOKMARK [2][-]{subsection.5.2.2}{\376\377\0005\000.\0002\000.\0002\000\040\000M\000e\000m\000b\000e\000r\000\040\000F\000u\000n\000c\000t\000i\000o\000n\000\040\000D\000o\000c\000u\000m\000e\000n\000t\000a\000t\000i\000o\000n}{section.5.2}% 35
\BOOKMARK [3][-]{subsubsection.5.2.2.1}{\376\377\0005\000.\0002\000.\0002\000.\0001\000\040\000i\000n\000f\000i\000x\000T\000o\000R\000P\000N\000\050\000\051}{subsection.5.2.2}% 36
\BOOKMARK [3][-]{subsubsection.5.2.2.2}{\376\377\0005\000.\0002\000.\0002\000.\0002\000\040\000R\000P\000N\000t\000o\000I\000n\000f\000i\000x\000\050\000\051}{subsection.5.2.2}% 37
\BOOKMARK [1][-]{section.5.3}{\376\377\0005\000.\0003\000\040\000R\000P\000N\000:\000:\000N\000o\000t\000a\000t\000i\000o\000n\000D\000e\000t\000e\000r\000m\000i\000n\000e\000r\000\040\000S\000t\000r\000u\000c\000t\000\040\000R\000e\000f\000e\000r\000e\000n\000c\000e}{chapter.5}% 38
\BOOKMARK [2][-]{subsection.5.3.1}{\376\377\0005\000.\0003\000.\0001\000\040\000D\000e\000t\000a\000i\000l\000e\000d\000\040\000D\000e\000s\000c\000r\000i\000p\000t\000i\000o\000n}{section.5.3}% 39
\BOOKMARK [2][-]{subsection.5.3.2}{\376\377\0005\000.\0003\000.\0002\000\040\000M\000e\000m\000b\000e\000r\000\040\000F\000u\000n\000c\000t\000i\000o\000n\000\040\000D\000o\000c\000u\000m\000e\000n\000t\000a\000t\000i\000o\000n}{section.5.3}% 40
\BOOKMARK [3][-]{subsubsection.5.3.2.1}{\376\377\0005\000.\0003\000.\0002\000.\0001\000\040\000i\000s\000I\000n\000f\000i\000x\000\050\000\051}{subsection.5.3.2}% 41
\BOOKMARK [3][-]{subsubsection.5.3.2.2}{\376\377\0005\000.\0003\000.\0002\000.\0002\000\040\000i\000s\000R\000P\000N\000\050\000\051}{subsection.5.3.2}% 42
\BOOKMARK [1][-]{section.5.4}{\376\377\0005\000.\0004\000\040\000R\000P\000N\000:\000:\000R\000P\000N\000S\000o\000l\000v\000e\000r\000\040\000S\000t\000r\000u\000c\000t\000\040\000R\000e\000f\000e\000r\000e\000n\000c\000e}{chapter.5}% 43
\BOOKMARK [2][-]{subsection.5.4.1}{\376\377\0005\000.\0004\000.\0001\000\040\000D\000e\000t\000a\000i\000l\000e\000d\000\040\000D\000e\000s\000c\000r\000i\000p\000t\000i\000o\000n}{section.5.4}% 44
\BOOKMARK [2][-]{subsection.5.4.2}{\376\377\0005\000.\0004\000.\0002\000\040\000M\000e\000m\000b\000e\000r\000\040\000F\000u\000n\000c\000t\000i\000o\000n\000\040\000D\000o\000c\000u\000m\000e\000n\000t\000a\000t\000i\000o\000n}{section.5.4}% 45
\BOOKMARK [3][-]{subsubsection.5.4.2.1}{\376\377\0005\000.\0004\000.\0002\000.\0001\000\040\000g\000e\000t\000R\000e\000s\000u\000l\000t\000\050\000\051}{subsection.5.4.2}% 46
\BOOKMARK [1][-]{section.5.5}{\376\377\0005\000.\0005\000\040\000R\000P\000N\000:\000:\000S\000p\000a\000c\000e\000r\000\040\000S\000t\000r\000u\000c\000t\000\040\000R\000e\000f\000e\000r\000e\000n\000c\000e}{chapter.5}% 47
\BOOKMARK [2][-]{subsection.5.5.1}{\376\377\0005\000.\0005\000.\0001\000\040\000D\000e\000t\000a\000i\000l\000e\000d\000\040\000D\000e\000s\000c\000r\000i\000p\000t\000i\000o\000n}{section.5.5}% 48
\BOOKMARK [2][-]{subsection.5.5.2}{\376\377\0005\000.\0005\000.\0002\000\040\000M\000e\000m\000b\000e\000r\000\040\000F\000u\000n\000c\000t\000i\000o\000n\000\040\000D\000o\000c\000u\000m\000e\000n\000t\000a\000t\000i\000o\000n}{section.5.5}% 49
\BOOKMARK [3][-]{subsubsection.5.5.2.1}{\376\377\0005\000.\0005\000.\0002\000.\0001\000\040\000a\000d\000d\000S\000p\000a\000c\000e\000s\000A\000r\000o\000u\000n\000d\000O\000p\000e\000r\000a\000t\000o\000r\000s\000\050\000\051}{subsection.5.5.2}% 50
\BOOKMARK [3][-]{subsubsection.5.5.2.2}{\376\377\0005\000.\0005\000.\0002\000.\0002\000\040\000a\000d\000d\000S\000p\000a\000c\000e\000s\000A\000r\000o\000u\000n\000d\000P\000a\000r\000e\000n\000t\000h\000e\000s\000e\000s\000\050\000\051}{subsection.5.5.2}% 51
\BOOKMARK [3][-]{subsubsection.5.5.2.3}{\376\377\0005\000.\0005\000.\0002\000.\0003\000\040\000m\000e\000r\000g\000e\000S\000p\000a\000c\000e\000s\000\050\000\051}{subsection.5.5.2}% 52
\BOOKMARK [3][-]{subsubsection.5.5.2.4}{\376\377\0005\000.\0005\000.\0002\000.\0004\000\040\000r\000e\000m\000o\000v\000e\000S\000p\000a\000c\000e\000s\000A\000r\000o\000u\000n\000d\000O\000p\000e\000r\000a\000t\000o\000r\000s\000\050\000\051}{subsection.5.5.2}% 53
\BOOKMARK [3][-]{subsubsection.5.5.2.5}{\376\377\0005\000.\0005\000.\0002\000.\0005\000\040\000r\000e\000m\000o\000v\000e\000S\000p\000a\000c\000e\000s\000A\000r\000o\000u\000n\000d\000P\000a\000r\000e\000n\000t\000h\000e\000s\000e\000s\000\050\000\051}{subsection.5.5.2}% 54
\BOOKMARK [1][-]{section.5.6}{\376\377\0005\000.\0006\000\040\000R\000P\000N\000:\000:\000T\000o\000k\000e\000n\000R\000e\000a\000d\000e\000r\000\040\000S\000t\000r\000u\000c\000t\000\040\000R\000e\000f\000e\000r\000e\000n\000c\000e}{chapter.5}% 55
\BOOKMARK [2][-]{subsection.5.6.1}{\376\377\0005\000.\0006\000.\0001\000\040\000D\000e\000t\000a\000i\000l\000e\000d\000\040\000D\000e\000s\000c\000r\000i\000p\000t\000i\000o\000n}{section.5.6}% 56
\BOOKMARK [2][-]{subsection.5.6.2}{\376\377\0005\000.\0006\000.\0002\000\040\000C\000o\000n\000s\000t\000r\000u\000c\000t\000o\000r\000\040\000\046\000\040\000D\000e\000s\000t\000r\000u\000c\000t\000o\000r\000\040\000D\000o\000c\000u\000m\000e\000n\000t\000a\000t\000i\000o\000n}{section.5.6}% 57
\BOOKMARK [3][-]{subsubsection.5.6.2.1}{\376\377\0005\000.\0006\000.\0002\000.\0001\000\040\000T\000o\000k\000e\000n\000R\000e\000a\000d\000e\000r\000\050\000\051}{subsection.5.6.2}% 58
\BOOKMARK [2][-]{subsection.5.6.3}{\376\377\0005\000.\0006\000.\0003\000\040\000M\000e\000m\000b\000e\000r\000\040\000F\000u\000n\000c\000t\000i\000o\000n\000\040\000D\000o\000c\000u\000m\000e\000n\000t\000a\000t\000i\000o\000n}{section.5.6}% 59
\BOOKMARK [3][-]{subsubsection.5.6.3.1}{\376\377\0005\000.\0006\000.\0003\000.\0001\000\040\000f\000i\000n\000i\000s\000h\000e\000d\000\050\000\051}{subsection.5.6.3}% 60
\BOOKMARK [3][-]{subsubsection.5.6.3.2}{\376\377\0005\000.\0006\000.\0003\000.\0002\000\040\000g\000e\000t\000S\000t\000r\000i\000n\000g\000\050\000\051}{subsection.5.6.3}% 61
\BOOKMARK [3][-]{subsubsection.5.6.3.3}{\376\377\0005\000.\0006\000.\0003\000.\0003\000\040\000n\000e\000x\000t\000\050\000\051}{subsection.5.6.3}% 62
\BOOKMARK [3][-]{subsubsection.5.6.3.4}{\376\377\0005\000.\0006\000.\0003\000.\0004\000\040\000p\000e\000e\000k\000\050\000\051}{subsection.5.6.3}% 63
\BOOKMARK [0][-]{chapter.6}{\376\377\0006\000\040\000F\000i\000l\000e\000\040\000D\000o\000c\000u\000m\000e\000n\000t\000a\000t\000i\000o\000n}{}% 64
\BOOKMARK [1][-]{section.6.1}{\376\377\0006\000.\0001\000\040\000b\000u\000i\000l\000d\000/\000C\000M\000a\000k\000e\000F\000i\000l\000e\000s\000/\0003\000.\0003\0000\000.\0005\000/\000C\000o\000m\000p\000i\000l\000e\000r\000I\000d\000C\000/\000C\000M\000a\000k\000e\000C\000C\000o\000m\000p\000i\000l\000e\000r\000I\000d\000.\000c\000\040\000F\000i\000l\000e\000\040\000R\000e\000f\000e\000r\000e\000n\000c\000e}{chapter.6}% 65
\BOOKMARK [2][-]{subsection.6.1.1}{\376\377\0006\000.\0001\000.\0001\000\040\000M\000a\000c\000r\000o\000\040\000D\000e\000f\000i\000n\000i\000t\000i\000o\000n\000\040\000D\000o\000c\000u\000m\000e\000n\000t\000a\000t\000i\000o\000n}{section.6.1}% 66
\BOOKMARK [3][-]{subsubsection.6.1.1.1}{\376\377\0006\000.\0001\000.\0001\000.\0001\000\040\000\137\000\137\000h\000a\000s\000\137\000i\000n\000c\000l\000u\000d\000e}{subsection.6.1.1}% 67
\BOOKMARK [3][-]{subsubsection.6.1.1.2}{\376\377\0006\000.\0001\000.\0001\000.\0002\000\040\000A\000R\000C\000H\000I\000T\000E\000C\000T\000U\000R\000E\000\137\000I\000D}{subsection.6.1.1}% 68
\BOOKMARK [3][-]{subsubsection.6.1.1.3}{\376\377\0006\000.\0001\000.\0001\000.\0003\000\040\000C\000\137\000S\000T\000D\000\137\0001\0001}{subsection.6.1.1}% 69
\BOOKMARK [3][-]{subsubsection.6.1.1.4}{\376\377\0006\000.\0001\000.\0001\000.\0004\000\040\000C\000\137\000S\000T\000D\000\137\0001\0007}{subsection.6.1.1}% 70
\BOOKMARK [3][-]{subsubsection.6.1.1.5}{\376\377\0006\000.\0001\000.\0001\000.\0005\000\040\000C\000\137\000S\000T\000D\000\137\0002\0003}{subsection.6.1.1}% 71
\BOOKMARK [3][-]{subsubsection.6.1.1.6}{\376\377\0006\000.\0001\000.\0001\000.\0006\000\040\000C\000\137\000S\000T\000D\000\137\0009\0009}{subsection.6.1.1}% 72
\BOOKMARK [3][-]{subsubsection.6.1.1.7}{\376\377\0006\000.\0001\000.\0001\000.\0007\000\040\000C\000\137\000V\000E\000R\000S\000I\000O\000N}{subsection.6.1.1}% 73
\BOOKMARK [3][-]{subsubsection.6.1.1.8}{\376\377\0006\000.\0001\000.\0001\000.\0008\000\040\000C\000O\000M\000P\000I\000L\000E\000R\000\137\000I\000D}{subsection.6.1.1}% 74
\BOOKMARK [3][-]{subsubsection.6.1.1.9}{\376\377\0006\000.\0001\000.\0001\000.\0009\000\040\000D\000E\000C}{subsection.6.1.1}% 75
\BOOKMARK [3][-]{subsubsection.6.1.1.10}{\376\377\0006\000.\0001\000.\0001\000.\0001\0000\000\040\000H\000E\000X}{subsection.6.1.1}% 76
\BOOKMARK [3][-]{subsubsection.6.1.1.11}{\376\377\0006\000.\0001\000.\0001\000.\0001\0001\000\040\000P\000L\000A\000T\000F\000O\000R\000M\000\137\000I\000D}{subsection.6.1.1}% 77
\BOOKMARK [3][-]{subsubsection.6.1.1.12}{\376\377\0006\000.\0001\000.\0001\000.\0001\0002\000\040\000S\000T\000R\000I\000N\000G\000I\000F\000Y}{subsection.6.1.1}% 78
\BOOKMARK [3][-]{subsubsection.6.1.1.13}{\376\377\0006\000.\0001\000.\0001\000.\0001\0003\000\040\000S\000T\000R\000I\000N\000G\000I\000F\000Y\000\137\000H\000E\000L\000P\000E\000R}{subsection.6.1.1}% 79
\BOOKMARK [2][-]{subsection.6.1.2}{\376\377\0006\000.\0001\000.\0002\000\040\000F\000u\000n\000c\000t\000i\000o\000n\000\040\000D\000o\000c\000u\000m\000e\000n\000t\000a\000t\000i\000o\000n}{section.6.1}% 80
\BOOKMARK [3][-]{subsubsection.6.1.2.1}{\376\377\0006\000.\0001\000.\0002\000.\0001\000\040\000m\000a\000i\000n\000\050\000\051}{subsection.6.1.2}% 81
\BOOKMARK [2][-]{subsection.6.1.3}{\376\377\0006\000.\0001\000.\0003\000\040\000V\000a\000r\000i\000a\000b\000l\000e\000\040\000D\000o\000c\000u\000m\000e\000n\000t\000a\000t\000i\000o\000n}{section.6.1}% 82
\BOOKMARK [3][-]{subsubsection.6.1.3.1}{\376\377\0006\000.\0001\000.\0003\000.\0001\000\040\000i\000n\000f\000o\000\137\000a\000r\000c\000h}{subsection.6.1.3}% 83
\BOOKMARK [3][-]{subsubsection.6.1.3.2}{\376\377\0006\000.\0001\000.\0003\000.\0002\000\040\000i\000n\000f\000o\000\137\000c\000o\000m\000p\000i\000l\000e\000r}{subsection.6.1.3}% 84
\BOOKMARK [3][-]{subsubsection.6.1.3.3}{\376\377\0006\000.\0001\000.\0003\000.\0003\000\040\000i\000n\000f\000o\000\137\000l\000a\000n\000g\000u\000a\000g\000e\000\137\000e\000x\000t\000e\000n\000s\000i\000o\000n\000s\000\137\000d\000e\000f\000a\000u\000l\000t}{subsection.6.1.3}% 85
\BOOKMARK [3][-]{subsubsection.6.1.3.4}{\376\377\0006\000.\0001\000.\0003\000.\0004\000\040\000i\000n\000f\000o\000\137\000l\000a\000n\000g\000u\000a\000g\000e\000\137\000s\000t\000a\000n\000d\000a\000r\000d\000\137\000d\000e\000f\000a\000u\000l\000t}{subsection.6.1.3}% 86
\BOOKMARK [3][-]{subsubsection.6.1.3.5}{\376\377\0006\000.\0001\000.\0003\000.\0005\000\040\000i\000n\000f\000o\000\137\000p\000l\000a\000t\000f\000o\000r\000m}{subsection.6.1.3}% 87
\BOOKMARK [1][-]{section.6.2}{\376\377\0006\000.\0002\000\040\000C\000M\000a\000k\000e\000C\000C\000o\000m\000p\000i\000l\000e\000r\000I\000d\000.\000c}{chapter.6}% 88
\BOOKMARK [1][-]{section.6.3}{\376\377\0006\000.\0003\000\040\000b\000u\000i\000l\000d\000/\000C\000M\000a\000k\000e\000F\000i\000l\000e\000s\000/\0003\000.\0003\0001\000.\0000\000/\000C\000o\000m\000p\000i\000l\000e\000r\000I\000d\000C\000/\000C\000M\000a\000k\000e\000C\000C\000o\000m\000p\000i\000l\000e\000r\000I\000d\000.\000c\000\040\000F\000i\000l\000e\000\040\000R\000e\000f\000e\000r\000e\000n\000c\000e}{chapter.6}% 89
\BOOKMARK [2][-]{subsection.6.3.1}{\376\377\0006\000.\0003\000.\0001\000\040\000M\000a\000c\000r\000o\000\040\000D\000e\000f\000i\000n\000i\000t\000i\000o\000n\000\040\000D\000o\000c\000u\000m\000e\000n\000t\000a\000t\000i\000o\000n}{section.6.3}% 90
\BOOKMARK [3][-]{subsubsection.6.3.1.1}{\376\377\0006\000.\0003\000.\0001\000.\0001\000\040\000\137\000\137\000h\000a\000s\000\137\000i\000n\000c\000l\000u\000d\000e}{subsection.6.3.1}% 91
\BOOKMARK [3][-]{subsubsection.6.3.1.2}{\376\377\0006\000.\0003\000.\0001\000.\0002\000\040\000A\000R\000C\000H\000I\000T\000E\000C\000T\000U\000R\000E\000\137\000I\000D}{subsection.6.3.1}% 92
\BOOKMARK [3][-]{subsubsection.6.3.1.3}{\376\377\0006\000.\0003\000.\0001\000.\0003\000\040\000C\000\137\000S\000T\000D\000\137\0001\0001}{subsection.6.3.1}% 93
\BOOKMARK [3][-]{subsubsection.6.3.1.4}{\376\377\0006\000.\0003\000.\0001\000.\0004\000\040\000C\000\137\000S\000T\000D\000\137\0001\0007}{subsection.6.3.1}% 94
\BOOKMARK [3][-]{subsubsection.6.3.1.5}{\376\377\0006\000.\0003\000.\0001\000.\0005\000\040\000C\000\137\000S\000T\000D\000\137\0002\0003}{subsection.6.3.1}% 95
\BOOKMARK [3][-]{subsubsection.6.3.1.6}{\376\377\0006\000.\0003\000.\0001\000.\0006\000\040\000C\000\137\000S\000T\000D\000\137\0009\0009}{subsection.6.3.1}% 96
\BOOKMARK [3][-]{subsubsection.6.3.1.7}{\376\377\0006\000.\0003\000.\0001\000.\0007\000\040\000C\000\137\000V\000E\000R\000S\000I\000O\000N}{subsection.6.3.1}% 97
\BOOKMARK [3][-]{subsubsection.6.3.1.8}{\376\377\0006\000.\0003\000.\0001\000.\0008\000\040\000C\000O\000M\000P\000I\000L\000E\000R\000\137\000I\000D}{subsection.6.3.1}% 98
\BOOKMARK [3][-]{subsubsection.6.3.1.9}{\376\377\0006\000.\0003\000.\0001\000.\0009\000\040\000D\000E\000C}{subsection.6.3.1}% 99
\BOOKMARK [3][-]{subsubsection.6.3.1.10}{\376\377\0006\000.\0003\000.\0001\000.\0001\0000\000\040\000H\000E\000X}{subsection.6.3.1}% 100
\BOOKMARK [3][-]{subsubsection.6.3.1.11}{\376\377\0006\000.\0003\000.\0001\000.\0001\0001\000\040\000P\000L\000A\000T\000F\000O\000R\000M\000\137\000I\000D}{subsection.6.3.1}% 101
\BOOKMARK [3][-]{subsubsection.6.3.1.12}{\376\377\0006\000.\0003\000.\0001\000.\0001\0002\000\040\000S\000T\000R\000I\000N\000G\000I\000F\000Y}{subsection.6.3.1}% 102
\BOOKMARK [3][-]{subsubsection.6.3.1.13}{\376\377\0006\000.\0003\000.\0001\000.\0001\0003\000\040\000S\000T\000R\000I\000N\000G\000I\000F\000Y\000\137\000H\000E\000L\000P\000E\000R}{subsection.6.3.1}% 103
\BOOKMARK [2][-]{subsection.6.3.2}{\376\377\0006\000.\0003\000.\0002\000\040\000F\000u\000n\000c\000t\000i\000o\000n\000\040\000D\000o\000c\000u\000m\000e\000n\000t\000a\000t\000i\000o\000n}{section.6.3}% 104
\BOOKMARK [3][-]{subsubsection.6.3.2.1}{\376\377\0006\000.\0003\000.\0002\000.\0001\000\040\000m\000a\000i\000n\000\050\000\051}{subsection.6.3.2}% 105
\BOOKMARK [2][-]{subsection.6.3.3}{\376\377\0006\000.\0003\000.\0003\000\040\000V\000a\000r\000i\000a\000b\000l\000e\000\040\000D\000o\000c\000u\000m\000e\000n\000t\000a\000t\000i\000o\000n}{section.6.3}% 106
\BOOKMARK [3][-]{subsubsection.6.3.3.1}{\376\377\0006\000.\0003\000.\0003\000.\0001\000\040\000i\000n\000f\000o\000\137\000a\000r\000c\000h}{subsection.6.3.3}% 107
\BOOKMARK [3][-]{subsubsection.6.3.3.2}{\376\377\0006\000.\0003\000.\0003\000.\0002\000\040\000i\000n\000f\000o\000\137\000c\000o\000m\000p\000i\000l\000e\000r}{subsection.6.3.3}% 108
\BOOKMARK [3][-]{subsubsection.6.3.3.3}{\376\377\0006\000.\0003\000.\0003\000.\0003\000\040\000i\000n\000f\000o\000\137\000l\000a\000n\000g\000u\000a\000g\000e\000\137\000e\000x\000t\000e\000n\000s\000i\000o\000n\000s\000\137\000d\000e\000f\000a\000u\000l\000t}{subsection.6.3.3}% 109
\BOOKMARK [3][-]{subsubsection.6.3.3.4}{\376\377\0006\000.\0003\000.\0003\000.\0004\000\040\000i\000n\000f\000o\000\137\000l\000a\000n\000g\000u\000a\000g\000e\000\137\000s\000t\000a\000n\000d\000a\000r\000d\000\137\000d\000e\000f\000a\000u\000l\000t}{subsection.6.3.3}% 110
\BOOKMARK [3][-]{subsubsection.6.3.3.5}{\376\377\0006\000.\0003\000.\0003\000.\0005\000\040\000i\000n\000f\000o\000\137\000p\000l\000a\000t\000f\000o\000r\000m}{subsection.6.3.3}% 111
\BOOKMARK [1][-]{section.6.4}{\376\377\0006\000.\0004\000\040\000C\000M\000a\000k\000e\000C\000C\000o\000m\000p\000i\000l\000e\000r\000I\000d\000.\000c}{chapter.6}% 112
\BOOKMARK [1][-]{section.6.5}{\376\377\0006\000.\0005\000\040\000b\000u\000i\000l\000d\000/\000C\000M\000a\000k\000e\000F\000i\000l\000e\000s\000/\0003\000.\0003\0000\000.\0005\000/\000C\000o\000m\000p\000i\000l\000e\000r\000I\000d\000C\000X\000X\000/\000C\000M\000a\000k\000e\000C\000X\000X\000C\000o\000m\000p\000i\000l\000e\000r\000I\000d\000.\000c\000p\000p\000\040\000F\000i\000l\000e\000\040\000R\000e\000f\000e\000r\000e\000n\000c\000e}{chapter.6}% 113
\BOOKMARK [2][-]{subsection.6.5.1}{\376\377\0006\000.\0005\000.\0001\000\040\000M\000a\000c\000r\000o\000\040\000D\000e\000f\000i\000n\000i\000t\000i\000o\000n\000\040\000D\000o\000c\000u\000m\000e\000n\000t\000a\000t\000i\000o\000n}{section.6.5}% 114
\BOOKMARK [3][-]{subsubsection.6.5.1.1}{\376\377\0006\000.\0005\000.\0001\000.\0001\000\040\000\137\000\137\000h\000a\000s\000\137\000i\000n\000c\000l\000u\000d\000e}{subsection.6.5.1}% 115
\BOOKMARK [3][-]{subsubsection.6.5.1.2}{\376\377\0006\000.\0005\000.\0001\000.\0002\000\040\000A\000R\000C\000H\000I\000T\000E\000C\000T\000U\000R\000E\000\137\000I\000D}{subsection.6.5.1}% 116
\BOOKMARK [3][-]{subsubsection.6.5.1.3}{\376\377\0006\000.\0005\000.\0001\000.\0003\000\040\000C\000O\000M\000P\000I\000L\000E\000R\000\137\000I\000D}{subsection.6.5.1}% 117
\BOOKMARK [3][-]{subsubsection.6.5.1.4}{\376\377\0006\000.\0005\000.\0001\000.\0004\000\040\000C\000X\000X\000\137\000S\000T\000D}{subsection.6.5.1}% 118
\BOOKMARK [3][-]{subsubsection.6.5.1.5}{\376\377\0006\000.\0005\000.\0001\000.\0005\000\040\000C\000X\000X\000\137\000S\000T\000D\000\137\0001\0001}{subsection.6.5.1}% 119
\BOOKMARK [3][-]{subsubsection.6.5.1.6}{\376\377\0006\000.\0005\000.\0001\000.\0006\000\040\000C\000X\000X\000\137\000S\000T\000D\000\137\0001\0004}{subsection.6.5.1}% 120
\BOOKMARK [3][-]{subsubsection.6.5.1.7}{\376\377\0006\000.\0005\000.\0001\000.\0007\000\040\000C\000X\000X\000\137\000S\000T\000D\000\137\0001\0007}{subsection.6.5.1}% 121
\BOOKMARK [3][-]{subsubsection.6.5.1.8}{\376\377\0006\000.\0005\000.\0001\000.\0008\000\040\000C\000X\000X\000\137\000S\000T\000D\000\137\0002\0000}{subsection.6.5.1}% 122
\BOOKMARK [3][-]{subsubsection.6.5.1.9}{\376\377\0006\000.\0005\000.\0001\000.\0009\000\040\000C\000X\000X\000\137\000S\000T\000D\000\137\0002\0003}{subsection.6.5.1}% 123
\BOOKMARK [3][-]{subsubsection.6.5.1.10}{\376\377\0006\000.\0005\000.\0001\000.\0001\0000\000\040\000C\000X\000X\000\137\000S\000T\000D\000\137\0009\0008}{subsection.6.5.1}% 124
\BOOKMARK [3][-]{subsubsection.6.5.1.11}{\376\377\0006\000.\0005\000.\0001\000.\0001\0001\000\040\000D\000E\000C}{subsection.6.5.1}% 125
\BOOKMARK [3][-]{subsubsection.6.5.1.12}{\376\377\0006\000.\0005\000.\0001\000.\0001\0002\000\040\000H\000E\000X}{subsection.6.5.1}% 126
\BOOKMARK [3][-]{subsubsection.6.5.1.13}{\376\377\0006\000.\0005\000.\0001\000.\0001\0003\000\040\000P\000L\000A\000T\000F\000O\000R\000M\000\137\000I\000D}{subsection.6.5.1}% 127
\BOOKMARK [3][-]{subsubsection.6.5.1.14}{\376\377\0006\000.\0005\000.\0001\000.\0001\0004\000\040\000S\000T\000R\000I\000N\000G\000I\000F\000Y}{subsection.6.5.1}% 128
\BOOKMARK [3][-]{subsubsection.6.5.1.15}{\376\377\0006\000.\0005\000.\0001\000.\0001\0005\000\040\000S\000T\000R\000I\000N\000G\000I\000F\000Y\000\137\000H\000E\000L\000P\000E\000R}{subsection.6.5.1}% 129
\BOOKMARK [2][-]{subsection.6.5.2}{\376\377\0006\000.\0005\000.\0002\000\040\000F\000u\000n\000c\000t\000i\000o\000n\000\040\000D\000o\000c\000u\000m\000e\000n\000t\000a\000t\000i\000o\000n}{section.6.5}% 130
\BOOKMARK [3][-]{subsubsection.6.5.2.1}{\376\377\0006\000.\0005\000.\0002\000.\0001\000\040\000m\000a\000i\000n\000\050\000\051}{subsection.6.5.2}% 131
\BOOKMARK [2][-]{subsection.6.5.3}{\376\377\0006\000.\0005\000.\0003\000\040\000V\000a\000r\000i\000a\000b\000l\000e\000\040\000D\000o\000c\000u\000m\000e\000n\000t\000a\000t\000i\000o\000n}{section.6.5}% 132
\BOOKMARK [3][-]{subsubsection.6.5.3.1}{\376\377\0006\000.\0005\000.\0003\000.\0001\000\040\000i\000n\000f\000o\000\137\000a\000r\000c\000h}{subsection.6.5.3}% 133
\BOOKMARK [3][-]{subsubsection.6.5.3.2}{\376\377\0006\000.\0005\000.\0003\000.\0002\000\040\000i\000n\000f\000o\000\137\000c\000o\000m\000p\000i\000l\000e\000r}{subsection.6.5.3}% 134
\BOOKMARK [3][-]{subsubsection.6.5.3.3}{\376\377\0006\000.\0005\000.\0003\000.\0003\000\040\000i\000n\000f\000o\000\137\000l\000a\000n\000g\000u\000a\000g\000e\000\137\000e\000x\000t\000e\000n\000s\000i\000o\000n\000s\000\137\000d\000e\000f\000a\000u\000l\000t}{subsection.6.5.3}% 135
\BOOKMARK [3][-]{subsubsection.6.5.3.4}{\376\377\0006\000.\0005\000.\0003\000.\0004\000\040\000i\000n\000f\000o\000\137\000l\000a\000n\000g\000u\000a\000g\000e\000\137\000s\000t\000a\000n\000d\000a\000r\000d\000\137\000d\000e\000f\000a\000u\000l\000t}{subsection.6.5.3}% 136
\BOOKMARK [3][-]{subsubsection.6.5.3.5}{\376\377\0006\000.\0005\000.\0003\000.\0005\000\040\000i\000n\000f\000o\000\137\000p\000l\000a\000t\000f\000o\000r\000m}{subsection.6.5.3}% 137
\BOOKMARK [1][-]{section.6.6}{\376\377\0006\000.\0006\000\040\000C\000M\000a\000k\000e\000C\000X\000X\000C\000o\000m\000p\000i\000l\000e\000r\000I\000d\000.\000c\000p\000p}{chapter.6}% 138
\BOOKMARK [1][-]{section.6.7}{\376\377\0006\000.\0007\000\040\000b\000u\000i\000l\000d\000/\000C\000M\000a\000k\000e\000F\000i\000l\000e\000s\000/\0003\000.\0003\0001\000.\0000\000/\000C\000o\000m\000p\000i\000l\000e\000r\000I\000d\000C\000X\000X\000/\000C\000M\000a\000k\000e\000C\000X\000X\000C\000o\000m\000p\000i\000l\000e\000r\000I\000d\000.\000c\000p\000p\000\040\000F\000i\000l\000e\000\040\000R\000e\000f\000e\000r\000e\000n\000c\000e}{chapter.6}% 139
\BOOKMARK [2][-]{subsection.6.7.1}{\376\377\0006\000.\0007\000.\0001\000\040\000M\000a\000c\000r\000o\000\040\000D\000e\000f\000i\000n\000i\000t\000i\000o\000n\000\040\000D\000o\000c\000u\000m\000e\000n\000t\000a\000t\000i\000o\000n}{section.6.7}% 140
\BOOKMARK [3][-]{subsubsection.6.7.1.1}{\376\377\0006\000.\0007\000.\0001\000.\0001\000\040\000\137\000\137\000h\000a\000s\000\137\000i\000n\000c\000l\000u\000d\000e}{subsection.6.7.1}% 141
\BOOKMARK [3][-]{subsubsection.6.7.1.2}{\376\377\0006\000.\0007\000.\0001\000.\0002\000\040\000A\000R\000C\000H\000I\000T\000E\000C\000T\000U\000R\000E\000\137\000I\000D}{subsection.6.7.1}% 142
\BOOKMARK [3][-]{subsubsection.6.7.1.3}{\376\377\0006\000.\0007\000.\0001\000.\0003\000\040\000C\000O\000M\000P\000I\000L\000E\000R\000\137\000I\000D}{subsection.6.7.1}% 143
\BOOKMARK [3][-]{subsubsection.6.7.1.4}{\376\377\0006\000.\0007\000.\0001\000.\0004\000\040\000C\000X\000X\000\137\000S\000T\000D}{subsection.6.7.1}% 144
\BOOKMARK [3][-]{subsubsection.6.7.1.5}{\376\377\0006\000.\0007\000.\0001\000.\0005\000\040\000C\000X\000X\000\137\000S\000T\000D\000\137\0001\0001}{subsection.6.7.1}% 145
\BOOKMARK [3][-]{subsubsection.6.7.1.6}{\376\377\0006\000.\0007\000.\0001\000.\0006\000\040\000C\000X\000X\000\137\000S\000T\000D\000\137\0001\0004}{subsection.6.7.1}% 146
\BOOKMARK [3][-]{subsubsection.6.7.1.7}{\376\377\0006\000.\0007\000.\0001\000.\0007\000\040\000C\000X\000X\000\137\000S\000T\000D\000\137\0001\0007}{subsection.6.7.1}% 147
\BOOKMARK [3][-]{subsubsection.6.7.1.8}{\376\377\0006\000.\0007\000.\0001\000.\0008\000\040\000C\000X\000X\000\137\000S\000T\000D\000\137\0002\0000}{subsection.6.7.1}% 148
\BOOKMARK [3][-]{subsubsection.6.7.1.9}{\376\377\0006\000.\0007\000.\0001\000.\0009\000\040\000C\000X\000X\000\137\000S\000T\000D\000\137\0002\0003}{subsection.6.7.1}% 149
\BOOKMARK [3][-]{subsubsection.6.7.1.10}{\376\377\0006\000.\0007\000.\0001\000.\0001\0000\000\040\000C\000X\000X\000\137\000S\000T\000D\000\137\0009\0008}{subsection.6.7.1}% 150
\BOOKMARK [3][-]{subsubsection.6.7.1.11}{\376\377\0006\000.\0007\000.\0001\000.\0001\0001\000\040\000D\000E\000C}{subsection.6.7.1}% 151
\BOOKMARK [3][-]{subsubsection.6.7.1.12}{\376\377\0006\000.\0007\000.\0001\000.\0001\0002\000\040\000H\000E\000X}{subsection.6.7.1}% 152
\BOOKMARK [3][-]{subsubsection.6.7.1.13}{\376\377\0006\000.\0007\000.\0001\000.\0001\0003\000\040\000P\000L\000A\000T\000F\000O\000R\000M\000\137\000I\000D}{subsection.6.7.1}% 153
\BOOKMARK [3][-]{subsubsection.6.7.1.14}{\376\377\0006\000.\0007\000.\0001\000.\0001\0004\000\040\000S\000T\000R\000I\000N\000G\000I\000F\000Y}{subsection.6.7.1}% 154
\BOOKMARK [3][-]{subsubsection.6.7.1.15}{\376\377\0006\000.\0007\000.\0001\000.\0001\0005\000\040\000S\000T\000R\000I\000N\000G\000I\000F\000Y\000\137\000H\000E\000L\000P\000E\000R}{subsection.6.7.1}% 155
\BOOKMARK [2][-]{subsection.6.7.2}{\376\377\0006\000.\0007\000.\0002\000\040\000F\000u\000n\000c\000t\000i\000o\000n\000\040\000D\000o\000c\000u\000m\000e\000n\000t\000a\000t\000i\000o\000n}{section.6.7}% 156
\BOOKMARK [3][-]{subsubsection.6.7.2.1}{\376\377\0006\000.\0007\000.\0002\000.\0001\000\040\000m\000a\000i\000n\000\050\000\051}{subsection.6.7.2}% 157
\BOOKMARK [2][-]{subsection.6.7.3}{\376\377\0006\000.\0007\000.\0003\000\040\000V\000a\000r\000i\000a\000b\000l\000e\000\040\000D\000o\000c\000u\000m\000e\000n\000t\000a\000t\000i\000o\000n}{section.6.7}% 158
\BOOKMARK [3][-]{subsubsection.6.7.3.1}{\376\377\0006\000.\0007\000.\0003\000.\0001\000\040\000i\000n\000f\000o\000\137\000a\000r\000c\000h}{subsection.6.7.3}% 159
\BOOKMARK [3][-]{subsubsection.6.7.3.2}{\376\377\0006\000.\0007\000.\0003\000.\0002\000\040\000i\000n\000f\000o\000\137\000c\000o\000m\000p\000i\000l\000e\000r}{subsection.6.7.3}% 160
\BOOKMARK [3][-]{subsubsection.6.7.3.3}{\376\377\0006\000.\0007\000.\0003\000.\0003\000\040\000i\000n\000f\000o\000\137\000l\000a\000n\000g\000u\000a\000g\000e\000\137\000e\000x\000t\000e\000n\000s\000i\000o\000n\000s\000\137\000d\000e\000f\000a\000u\000l\000t}{subsection.6.7.3}% 161
\BOOKMARK [3][-]{subsubsection.6.7.3.4}{\376\377\0006\000.\0007\000.\0003\000.\0004\000\040\000i\000n\000f\000o\000\137\000l\000a\000n\000g\000u\000a\000g\000e\000\137\000s\000t\000a\000n\000d\000a\000r\000d\000\137\000d\000e\000f\000a\000u\000l\000t}{subsection.6.7.3}% 162
\BOOKMARK [3][-]{subsubsection.6.7.3.5}{\376\377\0006\000.\0007\000.\0003\000.\0005\000\040\000i\000n\000f\000o\000\137\000p\000l\000a\000t\000f\000o\000r\000m}{subsection.6.7.3}% 163
\BOOKMARK [1][-]{section.6.8}{\376\377\0006\000.\0008\000\040\000C\000M\000a\000k\000e\000C\000X\000X\000C\000o\000m\000p\000i\000l\000e\000r\000I\000d\000.\000c\000p\000p}{chapter.6}% 164
\BOOKMARK [1][-]{section.6.9}{\376\377\0006\000.\0009\000\040\000b\000u\000i\000l\000d\000/\000C\000M\000a\000k\000e\000F\000i\000l\000e\000s\000/\000R\000P\000N\000.\000d\000i\000r\000/\000m\000a\000i\000n\000.\000c\000p\000p\000.\000o\000b\000j\000.\000d\000\040\000F\000i\000l\000e\000\040\000R\000e\000f\000e\000r\000e\000n\000c\000e}{chapter.6}% 165
\BOOKMARK [1][-]{section.6.10}{\376\377\0006\000.\0001\0000\000\040\000m\000a\000i\000n\000.\000c\000p\000p\000.\000o\000b\000j\000.\000d}{chapter.6}% 166
\BOOKMARK [1][-]{section.6.11}{\376\377\0006\000.\0001\0001\000\040\000b\000u\000i\000l\000d\000/\000l\000i\000b\000/\000C\000M\000a\000k\000e\000F\000i\000l\000e\000s\000/\000R\000P\000N\000\137\000L\000I\000B\000.\000d\000i\000r\000/\000R\000P\000N\000.\000c\000p\000p\000.\000o\000b\000j\000.\000d\000\040\000F\000i\000l\000e\000\040\000R\000e\000f\000e\000r\000e\000n\000c\000e}{chapter.6}% 167
\BOOKMARK [1][-]{section.6.12}{\376\377\0006\000.\0001\0002\000\040\000R\000P\000N\000.\000c\000p\000p\000.\000o\000b\000j\000.\000d}{chapter.6}% 168
\BOOKMARK [1][-]{section.6.13}{\376\377\0006\000.\0001\0003\000\040\000l\000i\000b\000/\000R\000P\000N\000.\000c\000p\000p\000\040\000F\000i\000l\000e\000\040\000R\000e\000f\000e\000r\000e\000n\000c\000e}{chapter.6}% 169
\BOOKMARK [1][-]{section.6.14}{\376\377\0006\000.\0001\0004\000\040\000R\000P\000N\000.\000c\000p\000p}{chapter.6}% 170
\BOOKMARK [1][-]{section.6.15}{\376\377\0006\000.\0001\0005\000\040\000l\000i\000b\000/\000R\000P\000N\000.\000h\000\040\000F\000i\000l\000e\000\040\000R\000e\000f\000e\000r\000e\000n\000c\000e}{chapter.6}% 171
\BOOKMARK [1][-]{section.6.16}{\376\377\0006\000.\0001\0006\000\040\000R\000P\000N\000.\000h}{chapter.6}% 172
\BOOKMARK [1][-]{section.6.17}{\376\377\0006\000.\0001\0007\000\040\000m\000a\000i\000n\000.\000c\000p\000p\000\040\000F\000i\000l\000e\000\040\000R\000e\000f\000e\000r\000e\000n\000c\000e}{chapter.6}% 173
\BOOKMARK [2][-]{subsection.6.17.1}{\376\377\0006\000.\0001\0007\000.\0001\000\040\000F\000u\000n\000c\000t\000i\000o\000n\000\040\000D\000o\000c\000u\000m\000e\000n\000t\000a\000t\000i\000o\000n}{section.6.17}% 174
\BOOKMARK [3][-]{subsubsection.6.17.1.1}{\376\377\0006\000.\0001\0007\000.\0001\000.\0001\000\040\000e\000r\000r\000o\000r\000I\000n\000v\000a\000l\000i\000d\000E\000q\000u\000a\000t\000i\000o\000n\000\050\000\051}{subsection.6.17.1}% 175
\BOOKMARK [3][-]{subsubsection.6.17.1.2}{\376\377\0006\000.\0001\0007\000.\0001\000.\0002\000\040\000h\000e\000l\000p\000\050\000\051}{subsection.6.17.1}% 176
\BOOKMARK [3][-]{subsubsection.6.17.1.3}{\376\377\0006\000.\0001\0007\000.\0001\000.\0003\000\040\000m\000a\000i\000n\000\050\000\051}{subsection.6.17.1}% 177
\BOOKMARK [3][-]{subsubsection.6.17.1.4}{\376\377\0006\000.\0001\0007\000.\0001\000.\0004\000\040\000s\000e\000t\000F\000l\000a\000g\000s\000\050\000\051}{subsection.6.17.1}% 178
\BOOKMARK [3][-]{subsubsection.6.17.1.5}{\376\377\0006\000.\0001\0007\000.\0001\000.\0005\000\040\000s\000o\000l\000v\000e\000F\000o\000r\000O\000u\000t\000p\000u\000t\000\050\000\051}{subsection.6.17.1}% 179
\BOOKMARK [2][-]{subsection.6.17.2}{\376\377\0006\000.\0001\0007\000.\0002\000\040\000V\000a\000r\000i\000a\000b\000l\000e\000\040\000D\000o\000c\000u\000m\000e\000n\000t\000a\000t\000i\000o\000n}{section.6.17}% 180
\BOOKMARK [3][-]{subsubsection.6.17.2.1}{\376\377\0006\000.\0001\0007\000.\0002\000.\0001\000\040\000i\000n\000p\000u\000t\000F\000i\000l\000e\000P\000o\000s}{subsection.6.17.2}% 181
\BOOKMARK [3][-]{subsubsection.6.17.2.2}{\376\377\0006\000.\0001\0007\000.\0002\000.\0002\000\040\000i\000s\000I\000n\000t\000e\000r\000a\000c\000t\000i\000v\000e}{subsection.6.17.2}% 182
\BOOKMARK [3][-]{subsubsection.6.17.2.3}{\376\377\0006\000.\0001\0007\000.\0002\000.\0003\000\040\000i\000s\000R\000P\000N\000O\000u\000t\000p\000u\000t}{subsection.6.17.2}% 183
\BOOKMARK [3][-]{subsubsection.6.17.2.4}{\376\377\0006\000.\0001\0007\000.\0002\000.\0004\000\040\000o\000u\000t\000p\000u\000t\000F\000i\000l\000e\000P\000o\000s}{subsection.6.17.2}% 184
\BOOKMARK [1][-]{section.6.18}{\376\377\0006\000.\0001\0008\000\040\000m\000a\000i\000n\000.\000c\000p\000p}{chapter.6}% 185
\BOOKMARK [0][-]{section*.26}{\376\377\000I\000n\000d\000e\000x}{}% 186
